<?xml version="1.0" encoding="UTF-8"?>
<!-- Generated by org.testng.reporters.JUnitReportReporter -->
<testsuite hostname="HSD10549" failures="0" tests="1" name="com.crm.qa.test.LoginTest" time="26.639" errors="0" timestamp="17 Jan 2019 09:06:30 GMT" skipped="0">
  <testcase classname="com.crm.qa.test.LoginTest" name="Login" time="26.639"/>
</testsuite> <!-- com.crm.qa.test.LoginTest -->
