<?xml version="1.0" encoding="UTF-8"?>
<!-- Generated by org.testng.reporters.JUnitReportReporter -->
<testsuite hostname="HSD10549" failures="0" tests="2" name="com.crm.qa.test.LoginPageTest" time="51.860" errors="0" timestamp="18 Jan 2019 04:54:06 GMT" skipped="0">
  <testcase classname="com.crm.qa.test.LoginPageTest" name="Login" time="25.554"/>
  <testcase classname="com.crm.qa.test.LoginPageTest" name="logoTest" time="26.306"/>
</testsuite> <!-- com.crm.qa.test.LoginPageTest -->
