<?xml version="1.0" encoding="UTF-8"?>
<!-- Generated by org.testng.reporters.JUnitReportReporter -->
<testsuite hostname="HSD10549" failures="0" tests="1" name="com.crm.qa.test.SignUpPageTest" time="42.250" errors="0" timestamp="21 Jan 2019 09:35:12 GMT" skipped="0">
  <testcase classname="com.crm.qa.test.SignUpPageTest" name="verifyErrorTerms" time="42.250"/>
</testsuite> <!-- com.crm.qa.test.SignUpPageTest -->
